<?xml version="1.0" encoding="UTF-8"?>
<!-- Generated by org.testng.reporters.JUnitReportReporter -->
<testsuite hostname="Raj-Work" failures="0" tests="1" name="TestNG.TestAutomation_TestNG" time="8.941" errors="0" timestamp="2022-01-19T21:14:58 EST" skipped="0">
  <testcase classname="TestNG.TestAutomation_TestNG" name="testContactUs" time="8.941"/>
  <system-out/>
</testsuite> <!-- TestNG.TestAutomation_TestNG -->
